[35m[1mConsolidate compiler generated dependencies of target armor_tracker[0m
[ 33%] Built target armor_tracker_node
[ 50%] [32mBuilding CXX object CMakeFiles/armor_tracker.dir/src/tracker.cpp.o[0m
[01m[K/home/nuc/rm_vision_ws/src/rm_auto_aim/armor_tracker/src/tracker.cpp:[m[K In member function â€˜[01m[Kdouble rm_auto_aim::Tracker::getpitch()[m[Kâ€™:
[01m[K/home/nuc/rm_vision_ws/src/rm_auto_aim/armor_tracker/src/tracker.cpp:291:16:[m[K [01;31m[Kerror: [m[Kâ€˜[01m[Kg[m[Kâ€™ was not declared in this scope
  291 |         if(z + [01;31m[Kg[m[K * x * x / (initial_speed * initial_speed) <= length)
      |                [01;31m[K^[m[K
[01m[K/home/nuc/rm_vision_ws/src/rm_auto_aim/armor_tracker/src/tracker.cpp:291:29:[m[K [01;31m[Kerror: [m[Kâ€˜[01m[Kinitial_speed[m[Kâ€™ was not declared in this scope
  291 |         if(z + g * x * x / ([01;31m[Kinitial_speed[m[K * initial_speed) <= length)
      |                             [01;31m[K^~~~~~~~~~~~~[m[K
gmake[2]: *** [CMakeFiles/armor_tracker.dir/build.make:90ï¼šCMakeFiles/armor_tracker.dir/src/tracker.cpp.o] é”™è¯¯ 1
gmake[1]: *** [CMakeFiles/Makefile2:139ï¼šCMakeFiles/armor_tracker.dir/all] é”™è¯¯ 2
gmake: *** [Makefile:146ï¼šall] é”™è¯¯ 2
