In file included from [01m[K/home/rosnoetic/vision_ws/rm_shaobing_vision/src/rm_auto_aim/armor_tracker/src/tracker.cpp:5[m[K:
[01m[K/home/rosnoetic/vision_ws/rm_shaobing_vision/src/rm_auto_aim/armor_tracker/include/armor_tracker/tracker.hpp:47:87:[m[K [01;31m[Kerror: [m[Kexpected ‘[01m[K;[m[K’ at end of member declaration
   47 |   double findDominantFrequency(const std::vector<double> &signal, double sampling_rate[01;31m[K)[m[K
      |                                                                                       [01;31m[K^[m[K
      |                                                                                        [32m[K;[m[K
In file included from [01m[K/home/rosnoetic/vision_ws/rm_shaobing_vision/src/rm_auto_aim/armor_tracker/include/armor_tracker/tracker_node.hpp:25[m[K,
                 from [01m[K/home/rosnoetic/vision_ws/rm_shaobing_vision/src/rm_auto_aim/armor_tracker/src/tracker_node.cpp:5[m[K:
[01m[K/home/rosnoetic/vision_ws/rm_shaobing_vision/src/rm_auto_aim/armor_tracker/include/armor_tracker/tracker.hpp:47:87:[m[K [01;31m[Kerror: [m[Kexpected ‘[01m[K;[m[K’ at end of member declaration
   47 |   double findDominantFrequency(const std::vector<double> &signal, double sampling_rate[01;31m[K)[m[K
      |                                                                                       [01;31m[K^[m[K
      |                                                                                        [32m[K;[m[K
gmake[2]: *** [CMakeFiles/armor_tracker.dir/build.make:90：CMakeFiles/armor_tracker.dir/src/tracker.cpp.o] 错误 1
gmake[2]: *** 正在等待未完成的任务....
gmake[2]: *** [CMakeFiles/armor_tracker.dir/build.make:104：CMakeFiles/armor_tracker.dir/src/tracker_node.cpp.o] 错误 1
gmake[1]: *** [CMakeFiles/Makefile2:139：CMakeFiles/armor_tracker.dir/all] 错误 2
gmake: *** [Makefile:146：all] 错误 2
